[raw---->my-topics.public.user_tbl]: {"id":3}, {"last_name":"Shukla-3","id":3,"first_name":"Sachin-3","email":"e3@gmail.com"}
[raw---->my-topics.public.user_tbl]: {"id":1}, {"last_name":"Shukla-1","id":1,"first_name":"f-1-final","email":"e1@gmail.com"}
[raw---->my-topics.public.user_tbl]: {"id":2}, {"last_name":"Shukla-2","id":2,"first_name":"f-x02","email":"e2@gmail.com"}
[raw---->my-topics.public.user_tbl]: {"id":2}, {"last_name":"Shukla-2","id":2,"first_name":"f-11","email":"e2@gmail.com"}
[raw---->my-topics.public.user_tbl]: {"id":2}, {"last_name":"Shukla-2","id":2,"first_name":"f-12","email":"e2@gmail.com"}
[raw---->my-topics.public.user_tbl]: {"id":2}, {"last_name":"Shukla-2","id":2,"first_name":"f-13","email":"e2@gmail.com"}
[raw---->my-topics.public.user_tbl]: {"id":2}, {"last_name":"Shukla-2","id":2,"first_name":"f-7","email":"e2@gmail.com"}
[raw---->my-topics.public.user_tbl]: {"id":2}, {"last_name":"Shukla-2","id":2,"first_name":"f-11","email":"e2@gmail.com"}
[raw---->my-topics.public.user_tbl]: {"id":2}, {"last_name":"Shukla-2","id":2,"first_name":"f-12","email":"e2@gmail.com"}
[raw---->my-topics.public.user_tbl]: {"id":2}, {"last_name":"Shukla-2","id":2,"first_name":"f-13","email":"e2@gmail.com"}
[raw---->my-topics.public.user_tbl]: {"id":2}, {"last_name":"Shukla-2","id":2,"first_name":"f-11","email":"e2@gmail.com"}
[raw---->my-topics.public.user_tbl]: {"id":2}, {"last_name":"Shukla-2","id":2,"first_name":"f-12","email":"e2@gmail.com"}
[raw---->my-topics.public.user_tbl]: {"id":2}, {"last_name":"Shukla-2","id":2,"first_name":"f-13","email":"e2@gmail.com"}
[raw---->my-topics.public.user_tbl]: {"id":2}, {"last_name":"Shukla-2","id":2,"first_name":"testing","email":"e2@gmail.com"}
[raw---->my-topics.public.user_tbl]: {"id":2}, {"last_name":"Shukla-2","id":2,"first_name":"f-x01","email":"e2@gmail.com"}
[raw---->my-topics.public.user_tbl]: {"id":2}, {"last_name":"Shukla-2","id":2,"first_name":"f-x02","email":"e2@gmail.com"}
[raw---->my-topics.public.user_tbl]: {"id":2}, {"last_name":"Shukla-2","id":2,"first_name":"testing","email":"e2@gmail.com"}
[raw---->my-topics.public.user_tbl]: {"id":2}, {"last_name":"Shukla-2","id":2,"first_name":"testing","email":"e2@gmail.com"}
[raw---->my-topics.public.user_tbl]: {"id":2}, {"last_name":"Shukla-2","id":2,"first_name":"testing","email":"e2@gmail.com"}
[raw---->my-topics.public.user_tbl]: {"id":2}, {"last_name":"Shukla-2","id":2,"first_name":"f-11","email":"e2@gmail.com"}
[raw---->my-topics.public.user_tbl]: {"id":2}, {"last_name":"Shukla-2","id":2,"first_name":"f-12","email":"e2@gmail.com"}
[raw---->my-topics.public.user_tbl]: {"id":2}, {"last_name":"Shukla-2","id":2,"first_name":"f-1-demo","email":"e2@gmail.com"}
[raw---->my-topics.public.user_tbl]: {"id":2}, {"last_name":"Shukla-2","id":2,"first_name":"f-x01","email":"e2@gmail.com"}
[raw---->my-topics.public.user_tbl]: {"id":2}, {"last_name":"Shukla-2","id":2,"first_name":"f-x02-DEMO","email":"e2@gmail.com"}
[raw---->my-topics.public.user_tbl]: {"id":1}, {"last_name":"Shukla-1","id":1,"first_name":"f-1-final","email":"e1@gmail.com"}
[raw---->my-topics.public.user_tbl]: {"id":2}, {"last_name":"Shukla-2","id":2,"first_name":"f-11","email":"e2@gmail.com"}
[raw---->my-topics.public.user_tbl]: {"id":2}, {"last_name":"Shukla-2","id":2,"first_name":"f-12","email":"e2@gmail.com"}
[raw---->my-topics.public.user_tbl]: {"id":2}, {"last_name":"Shukla-2","id":2,"first_name":"f-1-demo","email":"e2@gmail.com"}
[raw---->my-topics.public.user_tbl]: {"id":2}, {"last_name":"Shukla-2","id":2,"first_name":"f-21","email":"e2@gmail.com"}
[raw---->my-topics.public.user_tbl]: {"id":2}, {"last_name":"Shukla-2","id":2,"first_name":"f-2","email":"e2@gmail.com"}
[raw---->my-topics.public.user_tbl]: {"id":2}, {"last_name":"Shukla-2","id":2,"first_name":"testing","email":"e2@gmail.com"}
[raw---->my-topics.public.user_tbl]: {"id":2}, {"last_name":"Shukla-2","id":2,"first_name":"testing","email":"e2@gmail.com"}
[raw---->my-topics.public.user_tbl]: {"id":2}, {"last_name":"Shukla-2","id":2,"first_name":"f-21","email":"e2@gmail.com"}
[raw---->my-topics.public.user_tbl]: {"id":2}, {"last_name":"Shukla-2","id":2,"first_name":"f-21","email":"e2@gmail.com"}
[raw---->my-topics.public.user_tbl]: {"id":2}, {"last_name":"Shukla-2","id":2,"first_name":"f-2","email":"e2@gmail.com"}
[raw---->my-topics.public.user_tbl]: {"id":1}, {"last_name":"Shukla-1","id":1,"first_name":"f-1-final","email":"e1@gmail.com"}
[raw---->my-topics.public.user_tbl]: {"id":1}, {"last_name":"Shukla-1","id":1,"first_name":"f-1-final","email":"e1@gmail.com"}
[raw---->my-topics.public.user_tbl]: {"id":1}, {"last_name":"Shukla-1","id":1,"first_name":"f-1-final","email":"e1@gmail.com"}
[raw---->my-topics.public.user_tbl]: {"id":1}, {"last_name":"Shukla-1","id":1,"first_name":"f-1-final","email":"e1@gmail.com"}
[raw---->my-topics.public.user_tbl]: {"id":1}, {"last_name":"Shukla-1","id":1,"first_name":"f-1-final","email":"e1@gmail.com"}
[raw---->my-topics.public.user_tbl]: {"id":1}, {"last_name":"Shukla-1","id":1,"first_name":"f-1-final","email":"e1@gmail.com"}
[raw---->my-topics.public.user_tbl]: {"id":1}, {"last_name":"Shukla-1","id":1,"first_name":"f-1-final","email":"e1@gmail.com"}
[raw---->my-topics.public.user_tbl]: {"id":1}, {"last_name":"Shukla-1","id":1,"first_name":"f-1-final","email":"e1@gmail.com"}
[raw---->my-topics.public.user_tbl]: {"id":1}, {"last_name":"Shukla-1","id":1,"first_name":"f-1-final","email":"e1@gmail.com"}
[raw---->my-topics.public.user_tbl]: {"id":1}, {"last_name":"Shukla-1","id":1,"first_name":"f-1-final","email":"e1@gmail.com"}
[raw---->my-topics.public.user_tbl]: {"id":1}, {"last_name":"Shukla-1","id":1,"first_name":"f-1-final","email":"e1@gmail.com"}
[raw---->my-topics.public.user_tbl]: {"id":1}, {"last_name":"Shukla-1","id":1,"first_name":"f-1-final","email":"e1@gmail.com"}
[raw---->my-topics.public.user_tbl]: {"id":1}, {"last_name":"Shukla-1","id":1,"first_name":"f-1-final","email":"e1@gmail.com"}
[raw---->my-topics.public.user_tbl]: {"id":1}, {"last_name":"Shukla-1","id":1,"first_name":"f-1-final","email":"e1@gmail.com"}
[raw---->my-topics.public.user_tbl]: {"id":1}, {"last_name":"Shukla-1","id":1,"first_name":"f-1-final","email":"e1@gmail.com"}
[raw---->my-topics.public.user_tbl]: {"id":1}, {"last_name":"Shukla-1","id":1,"first_name":"f-1-final","email":"e1@gmail.com"}
[raw---->my-topics.public.user_tbl]: {"id":1}, {"last_name":"Shukla-1","id":1,"first_name":"f-1-final","email":"e1@gmail.com"}
[raw---->my-topics.public.user_tbl]: {"id":1}, {"last_name":"Shukla-1","id":1,"first_name":"f-1-final","email":"e1@gmail.com"}
[raw---->my-topics.public.user_tbl]: {"id":1}, {"last_name":"Shukla-1","id":1,"first_name":"f-1-final","email":"e1@gmail.com"}
[raw---->my-topics.public.user_tbl]: {"id":1}, {"last_name":"Shukla-1","id":1,"first_name":"f-1-final","email":"e1@gmail.com"}
[raw---->my-topics.public.user_tbl]: {"id":2}, {"last_name":"Shukla-2","id":2,"first_name":"f-2-final","email":"e2@gmail.com"}
[raw---->my-topics.public.user_tbl]: {"id":2}, {"last_name":"Shukla-2","id":2,"first_name":"f-2-final","email":"e2@gmail.com"}
[raw---->my-topics.public.user_tbl]: {"id":1}, {"last_name":"Shukla-1","id":1,"first_name":"f-1-final","email":"e1@gmail.com"}
[raw---->my-topics.public.user_tbl]: {"id":1}, {"last_name":"Shukla-1","id":1,"first_name":"f-10","email":"e1@gmail.com"}
[raw---->my-topics.public.user_tbl]: {"id":2}, {"last_name":"Shukla-2","id":2,"first_name":"testing","email":"e2@gmail.com"}
[raw---->my-topics.public.user_tbl]: {"id":2}, {"last_name":"Shukla-2","id":2,"first_name":"f-21","email":"e2@gmail.com"}
[raw---->my-topics.public.user_tbl]: {"id":1}, {"last_name":"Shukla-1","id":1,"first_name":"f-1-final","email":"e1@gmail.com"}
[raw---->my-topics.public.user_tbl]: {"id":1}, {"last_name":"Shukla-1","id":1,"first_name":"f-1-final","email":"e1@gmail.com"}
[raw---->my-topics.public.user_tbl]: {"id":1}, {"last_name":"Shukla-1","id":1,"first_name":"f-1-final","email":"e1@gmail.com"}
[raw---->my-topics.public.user_tbl]: {"id":2}, {"last_name":"Shukla-2","id":2,"first_name":"f-2-final","email":"e2@gmail.com"}
[raw---->my-topics.public.user_tbl]: {"id":2}, {"last_name":"Shukla-2","id":2,"first_name":"f-2-final","email":"e2@gmail.com"}
[raw---->my-topics.public.user_tbl]: {"id":2}, {"last_name":"Shukla-2","id":2,"first_name":"f-2","email":"e2@gmail.com"}
[raw---->my-topics.public.user_tbl]: {"id":1}, {"last_name":"Shukla-1","id":1,"first_name":"f-1-final","email":"e1@gmail.com"}
[raw---->my-topics.public.user_tbl]: {"id":1}, {"last_name":"Shukla-1","id":1,"first_name":"f-10","email":"e1@gmail.com"}
[raw---->my-topics.public.user_tbl]: {"id":2}, {"last_name":"Shukla-2","id":2,"first_name":"f-2-final","email":"e2@gmail.com"}
[raw---->my-topics.public.user_tbl]: {"id":1}, {"last_name":"Shukla-1","id":1,"first_name":"f-10","email":"e1@gmail.com"}
[raw---->my-topics.public.user_tbl]: {"id":1}, {"last_name":"Shukla-1","id":1,"first_name":"f-10","email":"e1@gmail.com"}
[raw---->my-topics.public.user_tbl]: {"id":1}, {"last_name":"Shukla-1","id":1,"first_name":"f-10","email":"e1@gmail.com"}
[raw---->my-topics.public.user_tbl]: {"id":1}, {"last_name":"Shukla-1","id":1,"first_name":"f-10","email":"e1@gmail.com"}
[raw---->my-topics.public.user_tbl]: {"id":1}, {"last_name":"Shukla-1","id":1,"first_name":"f-10","email":"e1@gmail.com"}
[raw---->my-topics.public.user_tbl]: {"id":1}, {"last_name":"Shukla-1","id":1,"first_name":"f-10","email":"e1@gmail.com"}
[raw---->my-topics.public.user_tbl]: {"id":1}, {"last_name":"Shukla-1","id":1,"first_name":"f-10","email":"e1@gmail.com"}
[raw---->my-topics.public.user_tbl]: {"id":1}, {"last_name":"Shukla-1","id":1,"first_name":"f-10","email":"e1@gmail.com"}
[raw---->my-topics.public.user_tbl]: {"id":1}, {"last_name":"Shukla-1","id":1,"first_name":"f-10","email":"e1@gmail.com"}
[raw---->my-topics.public.user_tbl]: {"id":1}, {"last_name":"Shukla-1","id":1,"first_name":"f-10","email":"e1@gmail.com"}
[raw---->my-topics.public.user_tbl]: {"id":2}, {"last_name":"Shukla-2","id":2,"first_name":"f-2-final","email":"e2@gmail.com"}
[raw---->my-topics.public.user_tbl]: {"id":2}, {"last_name":"Shukla-2","id":2,"first_name":"f-2-final","email":"e2@gmail.com"}
[raw---->my-topics.public.user_tbl]: {"id":2}, {"last_name":"Shukla-2","id":2,"first_name":"f-2-final","email":"e2@gmail.com"}
[raw---->my-topics.public.user_tbl]: {"id":1}, {"last_name":"Shukla-1","id":1,"first_name":"f-1-final","email":"e1@gmail.com"}
[raw---->my-topics.public.user_tbl]: {"id":1}, {"last_name":"Shukla-1","id":1,"first_name":"f-1-final","email":"e1@gmail.com"}
[raw---->my-topics.public.user_tbl]: {"id":1}, {"last_name":"Shukla-1","id":1,"first_name":"f-1-final","email":"e1@gmail.com"}
[raw---->my-topics.public.user_tbl]: {"id":2}, {"last_name":"Shukla-2","id":2,"first_name":"f-2-final","email":"e2@gmail.com"}
[raw---->my-topics.public.user_tbl]: {"id":1}, {"last_name":"Shukla-1","id":1,"first_name":"f-1-final","email":"e1@gmail.com"}
[raw---->my-topics.public.user_tbl]: {"id":2}, {"last_name":"Shukla-2","id":2,"first_name":"f-2-final","email":"e2@gmail.com"}
[raw---->my-topics.public.user_tbl]: {"id":1}, {"last_name":"Shukla-1","id":1,"first_name":"f-1-final","email":"e1@gmail.com"}
[raw---->my-topics.public.user_tbl]: {"id":1}, {"last_name":"Shukla-1","id":1,"first_name":"f-1-final","email":"e1@gmail.com"}
[raw---->my-topics.public.user_tbl]: {"id":1}, {"last_name":"Shukla-1","id":1,"first_name":"f-1-final","email":"e1@gmail.com"}
[raw---->my-topics.public.user_tbl]: {"id":1}, {"last_name":"Shukla-1","id":1,"first_name":"f-1-final","email":"e1@gmail.com"}
[raw---->my-topics.public.user_tbl]: {"id":1}, {"last_name":"Shukla-1","id":1,"first_name":"f-1-final","email":"e1@gmail.com"}
[raw---->my-topics.public.user_tbl]: {"id":1}, {"last_name":"Shukla-1","id":1,"first_name":"f-1-final","email":"e1@gmail.com"}
[raw---->my-topics.public.user_tbl]: {"id":1}, {"last_name":"Shukla-1","id":1,"first_name":"f-1-final","email":"e1@gmail.com"}
[raw---->my-topics.public.user_tbl]: {"id":1}, {"last_name":"Shukla-1","id":1,"first_name":"f-1-final","email":"e1@gmail.com"}
[raw---->my-topics.public.user_tbl]: {"id":1}, {"last_name":"Shukla-1","id":1,"first_name":"f-1-final","email":"e1@gmail.com"}
[raw---->my-topics.public.user_tbl]: {"id":1}, {"last_name":"Shukla-1","id":1,"first_name":"f-1-final","email":"e1@gmail.com"}
[raw---->my-topics.public.user_tbl]: {"id":1}, {"last_name":"Shukla-1","id":1,"first_name":"f-1-final","email":"e1@gmail.com"}
[raw---->my-topics.public.user_tbl]: {"id":1}, {"last_name":"Shukla-1","id":1,"first_name":"f-1-final","email":"e1@gmail.com"}
[raw---->my-topics.public.user_tbl]: {"id":1}, {"last_name":"Shukla-1","id":1,"first_name":"f-1-final","email":"e1@gmail.com"}
[raw---->my-topics.public.user_tbl]: {"id":1}, {"last_name":"Shukla-1","id":1,"first_name":"f-1-final","email":"e1@gmail.com"}
[raw---->my-topics.public.user_tbl]: {"id":1}, {"last_name":"Shukla-1","id":1,"first_name":"f-1-final","email":"e1@gmail.com"}
[raw---->my-topics.public.user_tbl]: {"id":1}, {"last_name":"Shukla-1","id":1,"first_name":"f-1-final","email":"e1@gmail.com"}
[raw---->my-topics.public.user_tbl]: {"id":1}, {"last_name":"Shukla-1","id":1,"first_name":"f-1-final","email":"e1@gmail.com"}
[raw---->my-topics.public.user_tbl]: {"id":1}, {"last_name":"Shukla-1","id":1,"first_name":"f-1-final","email":"e1@gmail.com"}
[raw---->my-topics.public.user_tbl]: {"id":1}, {"last_name":"Shukla-1","id":1,"first_name":"f-1-final","email":"e1@gmail.com"}
[raw---->my-topics.public.user_tbl]: {"id":1}, {"last_name":"Shukla-1","id":1,"first_name":"f-1-final","email":"e1@gmail.com"}
[raw---->my-topics.public.user_tbl]: {"id":1}, {"last_name":"Shukla-1","id":1,"first_name":"f-1-final","email":"e1@gmail.com"}
[raw---->my-topics.public.user_tbl]: {"id":1}, {"last_name":"Shukla-1","id":1,"first_name":"f-1-final","email":"e1@gmail.com"}
[raw---->my-topics.public.user_tbl]: {"id":2}, {"last_name":"Shukla-2","id":2,"first_name":"f-2-final","email":"e2@gmail.com"}
[raw---->my-topics.public.user_tbl]: {"id":1}, {"last_name":"Shukla-1","id":1,"first_name":"f-1-final","email":"e1@gmail.com"}
[raw---->my-topics.public.user_tbl]: {"id":1}, {"last_name":"Shukla-1","id":1,"first_name":"f-1-final","email":"e1@gmail.com"}
[raw---->my-topics.public.user_tbl]: {"id":2}, {"last_name":"Shukla-2","id":2,"first_name":"f-2-final","email":"e2@gmail.com"}
[raw---->my-topics.public.user_tbl]: {"id":2}, {"last_name":"Shukla-2","id":2,"first_name":"f-2-final","email":"e2@gmail.com"}
[raw---->my-topics.public.user_tbl]: {"id":1}, {"last_name":"Shukla-1","id":1,"first_name":"f-1-final","email":"e1@gmail.com"}
[raw---->my-topics.public.user_tbl]: {"id":2}, {"last_name":"Shukla-2","id":2,"first_name":"f-2-final","email":"e2@gmail.com"}
[raw---->my-topics.public.user_tbl]: {"id":1}, {"last_name":"Shukla-1","id":1,"first_name":"f-1-final","email":"e1@gmail.com"}
[raw---->my-topics.public.user_tbl]: {"id":1}, {"last_name":"Shukla-1","id":1,"first_name":"f-1-final","email":"e1@gmail.com"}
[raw---->my-topics.public.user_tbl]: {"id":1}, {"last_name":"Shukla-1","id":1,"first_name":"f-1-final","email":"e1@gmail.com"}
[raw---->my-topics.public.user_tbl]: {"id":1}, {"last_name":"Shukla-1","id":1,"first_name":"f-1-final","email":"e1@gmail.com"}
[raw---->my-topics.public.user_tbl]: {"id":1}, {"last_name":"Shukla-1","id":1,"first_name":"f-1-final","email":"e1@gmail.com"}
[raw---->my-topics.public.user_tbl]: {"id":1}, {"last_name":"Shukla-1","id":1,"first_name":"f-1-final","email":"e1@gmail.com"}
[raw---->my-topics.public.user_tbl]: {"id":1}, {"last_name":"Shukla-1","id":1,"first_name":"f-1-final","email":"e1@gmail.com"}
[raw---->my-topics.public.user_tbl]: {"id":1}, {"last_name":"Shukla-1","id":1,"first_name":"f-1-final","email":"e1@gmail.com"}
[raw---->my-topics.public.user_tbl]: {"id":1}, {"last_name":"Shukla-1","id":1,"first_name":"f-1-final","email":"e1@gmail.com"}
[raw---->my-topics.public.user_tbl]: {"id":1}, {"last_name":"Shukla-1","id":1,"first_name":"f-1-final","email":"e1@gmail.com"}
[raw---->my-topics.public.user_tbl]: {"id":1}, {"last_name":"Shukla-1","id":1,"first_name":"f-1-final","email":"e1@gmail.com"}
[raw---->my-topics.public.user_tbl]: {"id":2}, {"last_name":"Shukla-2","id":2,"first_name":"f-21","email":"e2@gmail.com"}
[raw---->my-topics.public.user_tbl]: {"id":2}, {"last_name":"Shukla-2","id":2,"first_name":"f-21","email":"e2@gmail.com"}
[raw---->my-topics.public.user_tbl]: {"id":2}, {"last_name":"Shukla-2","id":2,"first_name":"f-21","email":"e2@gmail.com"}
[raw---->my-topics.public.user_tbl]: {"id":2}, {"last_name":"Shukla-2","id":2,"first_name":"f-21","email":"e2@gmail.com"}
[raw---->my-topics.public.user_tbl]: {"id":2}, {"last_name":"Shukla-2","id":2,"first_name":"f-21","email":"e2@gmail.com"}
[raw---->my-topics.public.user_tbl]: {"id":2}, {"last_name":"Shukla-2","id":2,"first_name":"f-21","email":"e2@gmail.com"}
[raw---->my-topics.public.user_tbl]: {"id":2}, {"last_name":"Shukla-2","id":2,"first_name":"f-21","email":"e2@gmail.com"}
[raw---->my-topics.public.user_tbl]: {"id":2}, {"last_name":"Shukla-2","id":2,"first_name":"f-21","email":"e2@gmail.com"}
[raw---->my-topics.public.user_tbl]: {"id":2}, {"last_name":"Shukla-2","id":2,"first_name":"f-21","email":"e2@gmail.com"}
[raw---->my-topics.public.user_tbl]: {"id":2}, {"last_name":"Shukla-2","id":2,"first_name":"f-21","email":"e2@gmail.com"}
[raw---->my-topics.public.user_tbl]: {"id":2}, {"last_name":"Shukla-2","id":2,"first_name":"f-21","email":"e2@gmail.com"}
[raw---->my-topics.public.user_tbl]: {"id":2}, {"last_name":"Shukla-2","id":2,"first_name":"f-21","email":"e2@gmail.com"}
[raw---->my-topics.public.user_tbl]: {"id":2}, {"last_name":"Shukla-2","id":2,"first_name":"f-21","email":"e2@gmail.com"}
[raw---->my-topics.public.user_tbl]: {"id":2}, {"last_name":"Shukla-2","id":2,"first_name":"f-21","email":"e2@gmail.com"}
[raw---->my-topics.public.user_tbl]: {"id":2}, {"last_name":"Shukla-2","id":2,"first_name":"f-21","email":"e2@gmail.com"}
[raw---->my-topics.public.user_tbl]: {"id":2}, {"last_name":"Shukla-2","id":2,"first_name":"f-21","email":"e2@gmail.com"}
[raw---->my-topics.public.user_tbl]: {"id":2}, {"last_name":"Shukla-2","id":2,"first_name":"f-21","email":"e2@gmail.com"}
[raw---->my-topics.public.user_tbl]: {"id":2}, {"last_name":"Shukla-2","id":2,"first_name":"f-21","email":"e2@gmail.com"}
[raw---->my-topics.public.user_tbl]: {"id":2}, {"last_name":"Shukla-2","id":2,"first_name":"f-21","email":"e2@gmail.com"}
[raw---->my-topics.public.user_tbl]: {"id":2}, {"last_name":"Shukla-2","id":2,"first_name":"f-21","email":"e2@gmail.com"}
[raw---->my-topics.public.user_tbl]: {"id":2}, {"last_name":"Shukla-2","id":2,"first_name":"f-21","email":"e2@gmail.com"}
[raw---->my-topics.public.user_tbl]: {"id":1}, {"last_name":"Shukla-1","id":1,"first_name":"f-1-final","email":"e1@gmail.com"}
[raw---->my-topics.public.user_tbl]: {"id":1}, {"last_name":"Shukla-1","id":1,"first_name":"f-1-final","email":"e1@gmail.com"}
[raw---->my-topics.public.user_tbl]: {"id":1}, {"last_name":"Shukla-1","id":1,"first_name":"f-1-final","email":"e1@gmail.com"}
[raw---->my-topics.public.user_tbl]: {"id":1}, {"last_name":"Shukla-1","id":1,"first_name":"f-1-final","email":"e1@gmail.com"}
[raw---->my-topics.public.user_tbl]: {"id":1}, {"last_name":"Shukla-1","id":1,"first_name":"f-1-final","email":"e1@gmail.com"}
[raw---->my-topics.public.user_tbl]: {"id":1}, {"last_name":"Shukla-1","id":1,"first_name":"f-1-final","email":"e1@gmail.com"}
[raw---->my-topics.public.user_tbl]: {"id":1}, {"last_name":"Shukla-1","id":1,"first_name":"f-1-final","email":"e1@gmail.com"}
[raw---->my-topics.public.user_tbl]: {"id":1}, {"last_name":"Shukla-1","id":1,"first_name":"f-1-final","email":"e1@gmail.com"}
[raw---->my-topics.public.user_tbl]: {"id":1}, {"last_name":"Shukla-1","id":1,"first_name":"f-1-final","email":"e1@gmail.com"}
[raw---->my-topics.public.user_tbl]: {"id":2}, {"last_name":"Shukla-2","id":2,"first_name":"f-21","email":"e2@gmail.com"}
[raw---->my-topics.public.user_tbl]: {"id":1}, {"last_name":"Shukla-1","id":1,"first_name":"f-1-final","email":"e1@gmail.com"}
[raw---->my-topics.public.user_tbl]: {"id":2}, {"last_name":"Shukla-2","id":2,"first_name":"f-21","email":"e2@gmail.com"}
[raw---->my-topics.public.user_tbl]: {"id":1}, {"last_name":"Shukla-1","id":1,"first_name":"f-1-final","email":"e1@gmail.com"}
[raw---->my-topics.public.user_tbl]: {"id":1}, {"last_name":"Shukla-1","id":1,"first_name":"f-1-final","email":"e1@gmail.com"}
[raw---->my-topics.public.user_tbl]: {"id":1}, {"last_name":"Shukla-1","id":1,"first_name":"f-1-final","email":"e1@gmail.com"}
[raw---->my-topics.public.user_tbl]: {"id":1}, {"last_name":"Shukla-1","id":1,"first_name":"f-1-final","email":"e1@gmail.com"}
[raw---->my-topics.public.user_tbl]: {"id":1}, {"last_name":"Shukla-1","id":1,"first_name":"f-1-final","email":"e1@gmail.com"}
[raw---->my-topics.public.user_tbl]: {"id":1}, {"last_name":"Shukla-1","id":1,"first_name":"f-1-final","email":"e1@gmail.com"}
[raw---->my-topics.public.user_tbl]: {"id":1}, {"last_name":"Shukla-1","id":1,"first_name":"f-1-final","email":"e1@gmail.com"}
[raw---->my-topics.public.user_tbl]: {"id":1}, {"last_name":"Shukla-1","id":1,"first_name":"f-10","email":"e1@gmail.com"}
[raw---->my-topics.public.user_tbl]: {"id":1}, {"last_name":"Shukla-1","id":1,"first_name":"f-10","email":"e1@gmail.com"}
[raw---->my-topics.public.user_tbl]: {"id":1}, {"last_name":"Shukla-1","id":1,"first_name":"f-10","email":"e1@gmail.com"}
[raw---->my-topics.public.user_tbl]: {"id":2}, {"last_name":"Shukla-2","id":2,"first_name":"f-21","email":"e2@gmail.com"}
[raw---->my-topics.public.user_tbl]: {"id":2}, {"last_name":"Shukla-2","id":2,"first_name":"f-2","email":"e2@gmail.com"}
[raw---->my-topics.public.user_tbl]: {"id":2}, {"last_name":"Shukla-2","id":2,"first_name":"f-2","email":"e2@gmail.com"}
[raw---->my-topics.public.user_tbl]: {"id":2}, {"last_name":"Shukla-2","id":2,"first_name":"f-2","email":"e2@gmail.com"}
[raw---->my-topics.public.user_tbl]: {"id":2}, {"last_name":"Shukla-2","id":2,"first_name":"f-2","email":"e2@gmail.com"}
[raw---->my-topics.public.user_tbl]: {"id":1}, {"last_name":"Shukla-1","id":1,"first_name":"f-1-final","email":"e1@gmail.com"}
[raw---->my-topics.public.user_tbl]: {"id":2}, {"last_name":"Shukla-2","id":2,"first_name":"f-2xxxx2","email":"e2@gmail.com"}
[raw---->my-topics.public.user_tbl]: {"id":2}, {"last_name":"Shukla-2","id":2,"first_name":"f-2xxxx3","email":"e2@gmail.com"}
[raw---->my-topics.public.user_tbl]: {"id":2}, {"last_name":"Shukla-2","id":2,"first_name":"f-2xxxx3","email":"e2@gmail.com"}
[raw---->my-topics.public.user_tbl]: {"id":2}, {"last_name":"Shukla-2","id":2,"first_name":"f-2xxxx3","email":"e2@gmail.com"}
[raw---->my-topics.public.user_tbl]: {"id":2}, {"last_name":"Shukla-2","id":2,"first_name":"f-2xxxx3","email":"e2@gmail.com"}
[raw---->my-topics.public.user_tbl]: {"id":2}, {"last_name":"Shukla-2","id":2,"first_name":"f-2xxxx3","email":"e2@gmail.com"}
[raw---->my-topics.public.user_tbl]: {"id":2}, {"last_name":"Shukla-2","id":2,"first_name":"f-2xxxx4","email":"e2@gmail.com"}
[raw---->my-topics.public.user_tbl]: {"id":2}, {"last_name":"Shukla-2","id":2,"first_name":"f-2xxxx4","email":"e2@gmail.com"}
[raw---->my-topics.public.user_tbl]: {"id":2}, {"last_name":"Shukla-2","id":2,"first_name":"f-2xxxx4","email":"e2@gmail.com"}
[raw---->my-topics.public.user_tbl]: {"id":2}, {"last_name":"Shukla-2","id":2,"first_name":"f-2xxxx4","email":"e2@gmail.com"}
[raw---->my-topics.public.user_tbl]: {"id":2}, {"last_name":"Shukla-2","id":2,"first_name":"f-2xxxx5","email":"e2@gmail.com"}
[raw---->my-topics.public.user_tbl]: {"id":2}, {"last_name":"Shukla-2","id":2,"first_name":"f-2xxxx5","email":"e2@gmail.com"}
[raw---->my-topics.public.user_tbl]: {"id":2}, {"last_name":"Shukla-2","id":2,"first_name":"f-2xxxx6","email":"e2@gmail.com"}
[raw---->my-topics.public.user_tbl]: {"id":2}, {"last_name":"Shukla-2","id":2,"first_name":"f-2xxxx6","email":"e2@gmail.com"}
[raw---->my-topics.public.user_tbl]: {"id":2}, {"last_name":"Shukla-2","id":2,"first_name":"f-2xxxx6","email":"e2@gmail.com"}
[raw---->my-topics.public.user_tbl]: {"id":2}, {"last_name":"Shukla-2","id":2,"first_name":"f-2xxxx6","email":"e2@gmail.com"}
[raw---->my-topics.public.user_tbl]: {"id":2}, {"last_name":"Shukla-2","id":2,"first_name":"f-2xxxx6","email":"e2@gmail.com"}
[raw---->my-topics.public.user_tbl]: {"id":2}, {"last_name":"Shukla-2","id":2,"first_name":"f-2xxxx6","email":"e2@gmail.com"}
[raw---->my-topics.public.user_tbl]: {"id":2}, {"last_name":"Shukla-2","id":2,"first_name":"f-2xxxx6","email":"e2@gmail.com"}
[raw---->my-topics.public.user_tbl]: {"id":2}, {"last_name":"Shukla-2","id":2,"first_name":"f-2xxxx6","email":"e2@gmail.com"}
[raw---->my-topics.public.user_tbl]: {"id":2}, {"last_name":"Shukla-2","id":2,"first_name":"f-2xxxx6","email":"e2@gmail.com"}
[raw---->my-topics.public.user_tbl]: {"id":2}, {"last_name":"Shukla-2","id":2,"first_name":"f-2xxxx6","email":"e2@gmail.com"}
[raw---->my-topics.public.user_tbl]: {"id":2}, {"last_name":"Shukla-2","id":2,"first_name":"f-2xxxx6","email":"e2@gmail.com"}
[raw---->my-topics.public.user_tbl]: {"id":2}, {"last_name":"Shukla-2","id":2,"first_name":"f-2xxxx6","email":"e2@gmail.com"}
[raw---->my-topics.public.user_tbl]: {"id":2}, {"last_name":"Shukla-2","id":2,"first_name":"f-2xxxx6","email":"e2@gmail.com"}
[raw---->my-topics.public.user_tbl]: {"id":2}, {"last_name":"Shukla-2","id":2,"first_name":"f-2xxxx6","email":"e2@gmail.com"}
[raw---->my-topics.public.user_tbl]: {"id":2}, {"last_name":"Shukla-2","id":2,"first_name":"f-2xxxx6","email":"e2@gmail.com"}
[raw---->my-topics.public.user_tbl]: {"id":2}, {"last_name":"Shukla-2","id":2,"first_name":"f-2xxxx6","email":"e2@gmail.com"}
[raw---->my-topics.public.user_tbl]: {"id":2}, {"last_name":"Shukla-2","id":2,"first_name":"f-2xxxx6","email":"e2@gmail.com"}
[raw---->my-topics.public.user_tbl]: {"id":2}, {"last_name":"Shukla-2","id":2,"first_name":"f-2xxxx6","email":"e2@gmail.com"}
[raw---->my-topics.public.user_tbl]: {"id":2}, {"last_name":"Shukla-2","id":2,"first_name":"f-2xxxx6","email":"e2@gmail.com"}
[raw---->my-topics.public.user_tbl]: {"id":2}, {"last_name":"Shukla-2","id":2,"first_name":"f-2xxxx6","email":"e2@gmail.com"}
[raw---->my-topics.public.user_tbl]: {"id":2}, {"last_name":"Shukla-2","id":2,"first_name":"f-2xxxx6","email":"e2@gmail.com"}
[raw---->my-topics.public.user_tbl]: {"id":2}, {"last_name":"Shukla-2","id":2,"first_name":"f-2xxxx6","email":"e2@gmail.com"}
[raw---->my-topics.public.user_tbl]: {"id":2}, {"last_name":"Shukla-2","id":2,"first_name":"f-2xxxx6","email":"e2@gmail.com"}
[raw---->my-topics.public.user_tbl]: {"id":1}, {"last_name":"Shukla-1","id":1,"first_name":"f-10","email":"e1@gmail.com"}
[raw---->my-topics.public.user_tbl]: {"id":1}, {"last_name":"Shukla-1","id":1,"first_name":"f-10","email":"e1@gmail.com"}
[raw---->my-topics.public.user_tbl]: {"id":1}, {"last_name":"Shukla-1","id":1,"first_name":"f-10","email":"e1@gmail.com"}
[raw---->my-topics.public.user_tbl]: {"id":1}, {"last_name":"Shukla-1","id":1,"first_name":"f-10","email":"e1@gmail.com"}
[raw---->my-topics.public.user_tbl]: {"id":1}, {"last_name":"Shukla-1","id":1,"first_name":"f-10","email":"e1@gmail.com"}
[raw---->my-topics.public.user_tbl]: {"id":1}, {"last_name":"Shukla-1","id":1,"first_name":"f-1-final-2","email":"e1@gmail.com"}
[raw---->my-topics.public.user_tbl]: {"id":1}, {"last_name":"Shukla-1","id":1,"first_name":"f-1-final-2","email":"e1@gmail.com"}
[raw---->my-topics.public.user_tbl]: {"id":1}, {"last_name":"Shukla-1","id":1,"first_name":"f-1-final-3","email":"e1@gmail.com"}
[raw---->my-topics.public.user_tbl]: {"id":2}, {"last_name":"Shukla-2","id":2,"first_name":"f-2-final-pp","email":"e2@gmail.com"}
[raw---->my-topics.public.user_tbl]: {"id":2}, {"last_name":"Shukla-2","id":2,"first_name":"f-2-final-pp","email":"e2@gmail.com"}
[raw---->my-topics.public.user_tbl]: {"id":2}, {"last_name":"Shukla-2","id":2,"first_name":"f-2-final-pp","email":"e2@gmail.com"}
[raw---->my-topics.public.user_tbl]: {"id":2}, {"last_name":"Shukla-2","id":2,"first_name":"f-2-final-pp","email":"e2@gmail.com"}
[raw---->my-topics.public.user_tbl]: {"id":2}, {"last_name":"Shukla-2","id":2,"first_name":"f-2-final-pp","email":"e2@gmail.com"}
[raw---->my-topics.public.user_tbl]: {"id":2}, {"last_name":"Shukla-2","id":2,"first_name":"f-2-final-pp","email":"e2@gmail.com"}
[raw---->my-topics.public.user_tbl]: {"id":2}, {"last_name":"Shukla-2","id":2,"first_name":"f-2-final-pp","email":"e2@gmail.com"}
[raw---->my-topics.public.user_tbl]: {"id":2}, {"last_name":"Shukla-2","id":2,"first_name":"f-2-final-pp","email":"e2@gmail.com"}
[raw---->my-topics.public.user_tbl]: {"id":2}, {"last_name":"Shukla-2","id":2,"first_name":"f-2-final-pp","email":"e2@gmail.com"}
[raw---->my-topics.public.user_tbl]: {"id":2}, {"last_name":"Shukla-2","id":2,"first_name":"f-2-final-pp","email":"e2@gmail.com"}
[raw---->my-topics.public.user_tbl]: {"id":2}, {"last_name":"Shukla-2","id":2,"first_name":"f-2-final-pp","email":"e2@gmail.com"}
[raw---->my-topics.public.user_tbl]: {"id":2}, {"last_name":"Shukla-2","id":2,"first_name":"f-2-final-pp","email":"e2@gmail.com"}
[raw---->my-topics.public.user_tbl]: {"id":2}, {"last_name":"Shukla-2","id":2,"first_name":"f-2-final-pp","email":"e2@gmail.com"}
[raw---->my-topics.public.user_tbl]: {"id":2}, {"last_name":"Shukla-2","id":2,"first_name":"f-2-final-pp","email":"e2@gmail.com"}
[raw---->my-topics.public.user_tbl]: {"id":2}, {"last_name":"Shukla-2","id":2,"first_name":"f-2-final-pp","email":"e2@gmail.com"}
[raw---->my-topics.public.user_tbl]: {"id":2}, {"last_name":"Shukla-2","id":2,"first_name":"f-2-final-pp","email":"e2@gmail.com"}
[raw---->my-topics.public.user_tbl]: {"id":2}, {"last_name":"Shukla-2","id":2,"first_name":"f-2-final-pp","email":"e2@gmail.com"}
[raw---->my-topics.public.user_tbl]: {"id":2}, {"last_name":"Shukla-2","id":2,"first_name":"f-2-final-pp","email":"e2@gmail.com"}
[raw---->my-topics.public.user_tbl]: {"id":2}, {"last_name":"Shukla-2","id":2,"first_name":"f-2-final-pp","email":"e2@gmail.com"}
[raw---->my-topics.public.user_tbl]: {"id":2}, {"last_name":"Shukla-2","id":2,"first_name":"f-2-final-pp","email":"e2@gmail.com"}
[raw---->my-topics.public.user_tbl]: {"id":2}, {"last_name":"Shukla-2","id":2,"first_name":"f-2-final-pp","email":"e2@gmail.com"}
[raw---->my-topics.public.user_tbl]: {"id":2}, {"last_name":"Shukla-2","id":2,"first_name":"f-2-final-pp","email":"e2@gmail.com"}
[raw---->my-topics.public.user_tbl]: {"id":2}, {"last_name":"Shukla-2","id":2,"first_name":"f-2-final-pp","email":"e2@gmail.com"}
[raw---->my-topics.public.user_tbl]: {"id":2}, {"last_name":"Shukla-2","id":2,"first_name":"f-2-final-pp","email":"e2@gmail.com"}
[raw---->my-topics.public.user_tbl]: {"id":2}, {"last_name":"Shukla-2","id":2,"first_name":"f-2-final-pp","email":"e2@gmail.com"}
[raw---->my-topics.public.user_tbl]: {"id":2}, {"last_name":"Shukla-2","id":2,"first_name":"f-2-final-pp","email":"e2@gmail.com"}
[raw---->my-topics.public.user_tbl]: {"id":2}, {"last_name":"Shukla-2","id":2,"first_name":"f-2-final-pp","email":"e2@gmail.com"}
[raw---->my-topics.public.user_tbl]: {"id":2}, {"last_name":"Shukla-2","id":2,"first_name":"f-2-final-pp","email":"e2@gmail.com"}
[raw---->my-topics.public.user_tbl]: {"id":2}, {"last_name":"Shukla-2","id":2,"first_name":"f-2-final-pp","email":"e2@gmail.com"}
[raw---->my-topics.public.user_tbl]: {"id":2}, {"last_name":"Shukla-2","id":2,"first_name":"f-2-final-pp","email":"e2@gmail.com"}
[raw---->my-topics.public.user_tbl]: {"id":2}, {"last_name":"Shukla-2","id":2,"first_name":"f-2-final-pp","email":"e2@gmail.com"}
[raw---->my-topics.public.user_tbl]: {"id":2}, {"last_name":"Shukla-2","id":2,"first_name":"f-2-final-pp","email":"e2@gmail.com"}
[raw---->my-topics.public.user_tbl]: {"id":2}, {"last_name":"Shukla-2","id":2,"first_name":"f-2-final-pp","email":"e2@gmail.com"}
[raw---->my-topics.public.user_tbl]: {"id":2}, {"last_name":"Shukla-2","id":2,"first_name":"f-2-final-pp","email":"e2@gmail.com"}
[raw---->my-topics.public.user_tbl]: {"id":2}, {"last_name":"Shukla-2","id":2,"first_name":"f-2-final-pp","email":"e2@gmail.com"}
[raw---->my-topics.public.user_tbl]: {"id":2}, {"last_name":"Shukla-2","id":2,"first_name":"f-2-final-pp","email":"e2@gmail.com"}
[raw---->my-topics.public.user_tbl]: {"id":2}, {"last_name":"Shukla-2","id":2,"first_name":"f-2-final-pp","email":"e2@gmail.com"}
[raw---->my-topics.public.user_tbl]: {"id":2}, {"last_name":"Shukla-2","id":2,"first_name":"f-2-final-pp","email":"e2@gmail.com"}
[raw---->my-topics.public.user_tbl]: {"id":2}, {"last_name":"Shukla-2","id":2,"first_name":"f-2-final-pp","email":"e2@gmail.com"}
[raw---->my-topics.public.user_tbl]: {"id":2}